2025-10-03T11:46:13.239+03:00  INFO 35738 --- [translator] [restartedMain] o.e.translator.TranslatorApplication     : Starting TranslatorApplication using Java 17.0.15 with PID 35738 (/Users/ivelinyanev/Documents/tu-all/3-kurs/5-sem/speech-to-speech-translator/backend/translator/build/classes/java/main started by ivelinyanev in /Users/ivelinyanev/Documents/tu-all/3-kurs/5-sem/speech-to-speech-translator/backend/translator)
2025-10-03T11:46:13.240+03:00  INFO 35738 --- [translator] [restartedMain] o.e.translator.TranslatorApplication     : No active profile set, falling back to 1 default profile: "default"
2025-10-03T11:46:13.262+03:00  INFO 35738 --- [translator] [restartedMain] .e.DevToolsPropertyDefaultsPostProcessor : Devtools property defaults active! Set 'spring.devtools.add-properties' to 'false' to disable
2025-10-03T11:46:13.262+03:00  INFO 35738 --- [translator] [restartedMain] .e.DevToolsPropertyDefaultsPostProcessor : For additional web related logging consider setting the 'logging.level.web' property to 'DEBUG'
2025-10-03T11:46:13.609+03:00  INFO 35738 --- [translator] [restartedMain] o.s.b.w.embedded.tomcat.TomcatWebServer  : Tomcat initialized with port 8080 (http)
2025-10-03T11:46:13.616+03:00  INFO 35738 --- [translator] [restartedMain] o.apache.catalina.core.StandardService   : Starting service [Tomcat]
2025-10-03T11:46:13.616+03:00  INFO 35738 --- [translator] [restartedMain] o.apache.catalina.core.StandardEngine    : Starting Servlet engine: [Apache Tomcat/10.1.46]
2025-10-03T11:46:13.629+03:00  INFO 35738 --- [translator] [restartedMain] o.a.c.c.C.[Tomcat].[localhost].[/]       : Initializing Spring embedded WebApplicationContext
2025-10-03T11:46:13.629+03:00  INFO 35738 --- [translator] [restartedMain] w.s.c.ServletWebServerApplicationContext : Root WebApplicationContext: initialization completed in 367 ms
2025-10-03T11:46:13.772+03:00  INFO 35738 --- [translator] [restartedMain] o.s.b.d.a.OptionalLiveReloadServer       : LiveReload server is running on port 35729
2025-10-03T11:46:13.782+03:00  INFO 35738 --- [translator] [restartedMain] o.s.b.w.embedded.tomcat.TomcatWebServer  : Tomcat started on port 8080 (http) with context path '/'
2025-10-03T11:46:13.787+03:00  INFO 35738 --- [translator] [restartedMain] o.e.translator.TranslatorApplication     : Started TranslatorApplication in 0.743 seconds (process running for 0.906)
2025-10-03T11:46:31.796+03:00  INFO 35738 --- [translator] [http-nio-8080-exec-1] o.a.c.c.C.[Tomcat].[localhost].[/]       : Initializing Spring DispatcherServlet 'dispatcherServlet'
2025-10-03T11:46:31.797+03:00  INFO 35738 --- [translator] [http-nio-8080-exec-1] o.s.web.servlet.DispatcherServlet        : Initializing Servlet 'dispatcherServlet'
2025-10-03T11:46:31.802+03:00  INFO 35738 --- [translator] [http-nio-8080-exec-1] o.s.web.servlet.DispatcherServlet        : Completed initialization in 5 ms
2025-10-03T11:46:31.826+03:00 ERROR 35738 --- [translator] [http-nio-8080-exec-1] o.a.c.c.C.[.[.[/].[dispatcherServlet]    : Servlet.service() for servlet [dispatcherServlet] in context with path [] threw exception [Request processing failed: org.springframework.web.multipart.MultipartException: Current request is not a multipart request] with root cause

org.springframework.web.multipart.MultipartException: Current request is not a multipart request
	at org.springframework.web.method.annotation.RequestParamMethodArgumentResolver.handleMissingValueInternal(RequestParamMethodArgumentResolver.java:213) ~[spring-web-6.2.11.jar:6.2.11]
	at org.springframework.web.method.annotation.RequestParamMethodArgumentResolver.handleMissingValue(RequestParamMethodArgumentResolver.java:196) ~[spring-web-6.2.11.jar:6.2.11]
	at org.springframework.web.method.annotation.AbstractNamedValueMethodArgumentResolver.resolveArgument(AbstractNamedValueMethodArgumentResolver.java:125) ~[spring-web-6.2.11.jar:6.2.11]
	at org.springframework.web.method.support.HandlerMethodArgumentResolverComposite.resolveArgument(HandlerMethodArgumentResolverComposite.java:122) ~[spring-web-6.2.11.jar:6.2.11]
	at org.springframework.web.method.support.InvocableHandlerMethod.getMethodArgumentValues(InvocableHandlerMethod.java:227) ~[spring-web-6.2.11.jar:6.2.11]
	at org.springframework.web.method.support.InvocableHandlerMethod.invokeForRequest(InvocableHandlerMethod.java:181) ~[spring-web-6.2.11.jar:6.2.11]
	at org.springframework.web.servlet.mvc.method.annotation.ServletInvocableHandlerMethod.invokeAndHandle(ServletInvocableHandlerMethod.java:118) ~[spring-webmvc-6.2.11.jar:6.2.11]
	at org.springframework.web.servlet.mvc.method.annotation.RequestMappingHandlerAdapter.invokeHandlerMethod(RequestMappingHandlerAdapter.java:991) ~[spring-webmvc-6.2.11.jar:6.2.11]
	at org.springframework.web.servlet.mvc.method.annotation.RequestMappingHandlerAdapter.handleInternal(RequestMappingHandlerAdapter.java:896) ~[spring-webmvc-6.2.11.jar:6.2.11]
	at org.springframework.web.servlet.mvc.method.AbstractHandlerMethodAdapter.handle(AbstractHandlerMethodAdapter.java:87) ~[spring-webmvc-6.2.11.jar:6.2.11]
	at org.springframework.web.servlet.DispatcherServlet.doDispatch(DispatcherServlet.java:1089) ~[spring-webmvc-6.2.11.jar:6.2.11]
	at org.springframework.web.servlet.DispatcherServlet.doService(DispatcherServlet.java:979) ~[spring-webmvc-6.2.11.jar:6.2.11]
	at org.springframework.web.servlet.FrameworkServlet.processRequest(FrameworkServlet.java:1014) ~[spring-webmvc-6.2.11.jar:6.2.11]
	at org.springframework.web.servlet.FrameworkServlet.doPost(FrameworkServlet.java:914) ~[spring-webmvc-6.2.11.jar:6.2.11]
	at jakarta.servlet.http.HttpServlet.service(HttpServlet.java:590) ~[tomcat-embed-core-10.1.46.jar:6.0]
	at org.springframework.web.servlet.FrameworkServlet.service(FrameworkServlet.java:885) ~[spring-webmvc-6.2.11.jar:6.2.11]
	at jakarta.servlet.http.HttpServlet.service(HttpServlet.java:658) ~[tomcat-embed-core-10.1.46.jar:6.0]
	at org.apache.catalina.core.ApplicationFilterChain.internalDoFilter(ApplicationFilterChain.java:195) ~[tomcat-embed-core-10.1.46.jar:10.1.46]
	at org.apache.catalina.core.ApplicationFilterChain.doFilter(ApplicationFilterChain.java:140) ~[tomcat-embed-core-10.1.46.jar:10.1.46]
	at org.apache.tomcat.websocket.server.WsFilter.doFilter(WsFilter.java:51) ~[tomcat-embed-websocket-10.1.46.jar:10.1.46]
	at org.apache.catalina.core.ApplicationFilterChain.internalDoFilter(ApplicationFilterChain.java:164) ~[tomcat-embed-core-10.1.46.jar:10.1.46]
	at org.apache.catalina.core.ApplicationFilterChain.doFilter(ApplicationFilterChain.java:140) ~[tomcat-embed-core-10.1.46.jar:10.1.46]
	at org.springframework.web.filter.RequestContextFilter.doFilterInternal(RequestContextFilter.java:100) ~[spring-web-6.2.11.jar:6.2.11]
	at org.springframework.web.filter.OncePerRequestFilter.doFilter(OncePerRequestFilter.java:116) ~[spring-web-6.2.11.jar:6.2.11]
	at org.apache.catalina.core.ApplicationFilterChain.internalDoFilter(ApplicationFilterChain.java:164) ~[tomcat-embed-core-10.1.46.jar:10.1.46]
	at org.apache.catalina.core.ApplicationFilterChain.doFilter(ApplicationFilterChain.java:140) ~[tomcat-embed-core-10.1.46.jar:10.1.46]
	at org.springframework.web.filter.FormContentFilter.doFilterInternal(FormContentFilter.java:93) ~[spring-web-6.2.11.jar:6.2.11]
	at org.springframework.web.filter.OncePerRequestFilter.doFilter(OncePerRequestFilter.java:116) ~[spring-web-6.2.11.jar:6.2.11]
	at org.apache.catalina.core.ApplicationFilterChain.internalDoFilter(ApplicationFilterChain.java:164) ~[tomcat-embed-core-10.1.46.jar:10.1.46]
	at org.apache.catalina.core.ApplicationFilterChain.doFilter(ApplicationFilterChain.java:140) ~[tomcat-embed-core-10.1.46.jar:10.1.46]
	at org.springframework.web.filter.CharacterEncodingFilter.doFilterInternal(CharacterEncodingFilter.java:201) ~[spring-web-6.2.11.jar:6.2.11]
	at org.springframework.web.filter.OncePerRequestFilter.doFilter(OncePerRequestFilter.java:116) ~[spring-web-6.2.11.jar:6.2.11]
	at org.apache.catalina.core.ApplicationFilterChain.internalDoFilter(ApplicationFilterChain.java:164) ~[tomcat-embed-core-10.1.46.jar:10.1.46]
	at org.apache.catalina.core.ApplicationFilterChain.doFilter(ApplicationFilterChain.java:140) ~[tomcat-embed-core-10.1.46.jar:10.1.46]
	at org.apache.catalina.core.StandardWrapperValve.invoke(StandardWrapperValve.java:167) ~[tomcat-embed-core-10.1.46.jar:10.1.46]
	at org.apache.catalina.core.StandardContextValve.invoke(StandardContextValve.java:90) ~[tomcat-embed-core-10.1.46.jar:10.1.46]
	at org.apache.catalina.authenticator.AuthenticatorBase.invoke(AuthenticatorBase.java:483) ~[tomcat-embed-core-10.1.46.jar:10.1.46]
	at org.apache.catalina.core.StandardHostValve.invoke(StandardHostValve.java:116) ~[tomcat-embed-core-10.1.46.jar:10.1.46]
	at org.apache.catalina.valves.ErrorReportValve.invoke(ErrorReportValve.java:93) ~[tomcat-embed-core-10.1.46.jar:10.1.46]
	at org.apache.catalina.core.StandardEngineValve.invoke(StandardEngineValve.java:74) ~[tomcat-embed-core-10.1.46.jar:10.1.46]
	at org.apache.catalina.connector.CoyoteAdapter.service(CoyoteAdapter.java:344) ~[tomcat-embed-core-10.1.46.jar:10.1.46]
	at org.apache.coyote.http11.Http11Processor.service(Http11Processor.java:398) ~[tomcat-embed-core-10.1.46.jar:10.1.46]
	at org.apache.coyote.AbstractProcessorLight.process(AbstractProcessorLight.java:63) ~[tomcat-embed-core-10.1.46.jar:10.1.46]
	at org.apache.coyote.AbstractProtocol$ConnectionHandler.process(AbstractProtocol.java:903) ~[tomcat-embed-core-10.1.46.jar:10.1.46]
	at org.apache.tomcat.util.net.NioEndpoint$SocketProcessor.doRun(NioEndpoint.java:1776) ~[tomcat-embed-core-10.1.46.jar:10.1.46]
	at org.apache.tomcat.util.net.SocketProcessorBase.run(SocketProcessorBase.java:52) ~[tomcat-embed-core-10.1.46.jar:10.1.46]
	at org.apache.tomcat.util.threads.ThreadPoolExecutor.runWorker(ThreadPoolExecutor.java:975) ~[tomcat-embed-core-10.1.46.jar:10.1.46]
	at org.apache.tomcat.util.threads.ThreadPoolExecutor$Worker.run(ThreadPoolExecutor.java:493) ~[tomcat-embed-core-10.1.46.jar:10.1.46]
	at org.apache.tomcat.util.threads.TaskThread$WrappingRunnable.run(TaskThread.java:63) ~[tomcat-embed-core-10.1.46.jar:10.1.46]
	at java.base/java.lang.Thread.run(Thread.java:840) ~[na:na]

2025-10-03T11:52:09.730+03:00  INFO 35738 --- [translator] [SpringApplicationShutdownHook] o.s.b.w.e.tomcat.GracefulShutdown        : Commencing graceful shutdown. Waiting for active requests to complete
2025-10-03T11:52:11.746+03:00  INFO 35738 --- [translator] [tomcat-shutdown] o.s.b.w.e.tomcat.GracefulShutdown        : Graceful shutdown complete
2025-10-03T11:53:15.705+03:00  INFO 36200 --- [translator] [restartedMain] o.e.translator.TranslatorApplication     : Starting TranslatorApplication using Java 17.0.15 with PID 36200 (/Users/ivelinyanev/Documents/tu-all/3-kurs/5-sem/speech-to-speech-translator/backend/build/classes/java/main started by ivelinyanev in /Users/ivelinyanev/Documents/tu-all/3-kurs/5-sem/speech-to-speech-translator/backend)
2025-10-03T11:53:15.707+03:00  INFO 36200 --- [translator] [restartedMain] o.e.translator.TranslatorApplication     : No active profile set, falling back to 1 default profile: "default"
2025-10-03T11:53:15.727+03:00  INFO 36200 --- [translator] [restartedMain] .e.DevToolsPropertyDefaultsPostProcessor : Devtools property defaults active! Set 'spring.devtools.add-properties' to 'false' to disable
2025-10-03T11:53:15.727+03:00  INFO 36200 --- [translator] [restartedMain] .e.DevToolsPropertyDefaultsPostProcessor : For additional web related logging consider setting the 'logging.level.web' property to 'DEBUG'
2025-10-03T11:53:16.076+03:00  INFO 36200 --- [translator] [restartedMain] o.s.b.w.embedded.tomcat.TomcatWebServer  : Tomcat initialized with port 8080 (http)
2025-10-03T11:53:16.082+03:00  INFO 36200 --- [translator] [restartedMain] o.apache.catalina.core.StandardService   : Starting service [Tomcat]
2025-10-03T11:53:16.082+03:00  INFO 36200 --- [translator] [restartedMain] o.apache.catalina.core.StandardEngine    : Starting Servlet engine: [Apache Tomcat/10.1.46]
2025-10-03T11:53:16.095+03:00  INFO 36200 --- [translator] [restartedMain] o.a.c.c.C.[Tomcat].[localhost].[/]       : Initializing Spring embedded WebApplicationContext
2025-10-03T11:53:16.095+03:00  INFO 36200 --- [translator] [restartedMain] w.s.c.ServletWebServerApplicationContext : Root WebApplicationContext: initialization completed in 368 ms
2025-10-03T11:53:16.237+03:00  INFO 36200 --- [translator] [restartedMain] o.s.b.d.a.OptionalLiveReloadServer       : LiveReload server is running on port 35729
2025-10-03T11:53:16.247+03:00  INFO 36200 --- [translator] [restartedMain] o.s.b.w.embedded.tomcat.TomcatWebServer  : Tomcat started on port 8080 (http) with context path '/'
2025-10-03T11:53:16.252+03:00  INFO 36200 --- [translator] [restartedMain] o.e.translator.TranslatorApplication     : Started TranslatorApplication in 0.742 seconds (process running for 0.907)
2025-10-03T11:53:25.921+03:00  INFO 36200 --- [translator] [SpringApplicationShutdownHook] o.s.b.w.e.tomcat.GracefulShutdown        : Commencing graceful shutdown. Waiting for active requests to complete
2025-10-03T11:53:27.935+03:00  INFO 36200 --- [translator] [tomcat-shutdown] o.s.b.w.e.tomcat.GracefulShutdown        : Graceful shutdown complete
2025-10-03T11:53:54.491+03:00  INFO 36229 --- [translator] [Test worker] o.e.t.TranslatorApplicationTests         : Starting TranslatorApplicationTests using Java 17.0.15 with PID 36229 (started by ivelinyanev in /Users/ivelinyanev/Documents/tu-all/3-kurs/5-sem/speech-to-speech-translator/backend)
2025-10-03T11:53:54.492+03:00  INFO 36229 --- [translator] [Test worker] o.e.t.TranslatorApplicationTests         : No active profile set, falling back to 1 default profile: "default"
2025-10-03T11:53:54.965+03:00  INFO 36229 --- [translator] [Test worker] o.e.t.TranslatorApplicationTests         : Started TranslatorApplicationTests in 0.603 seconds (process running for 1.1)
2025-10-03T11:58:12.109+03:00  INFO 36633 --- [translator] [restartedMain] o.e.translator.TranslatorApplication     : Starting TranslatorApplication using Java 17.0.15 with PID 36633 (/Users/ivelinyanev/Documents/tu-all/3-kurs/5-sem/speech-to-speech-translator/backend/build/classes/java/main started by ivelinyanev in /Users/ivelinyanev/Documents/tu-all/3-kurs/5-sem/speech-to-speech-translator/backend)
2025-10-03T11:58:12.110+03:00  INFO 36633 --- [translator] [restartedMain] o.e.translator.TranslatorApplication     : No active profile set, falling back to 1 default profile: "default"
2025-10-03T11:58:12.130+03:00  INFO 36633 --- [translator] [restartedMain] .e.DevToolsPropertyDefaultsPostProcessor : Devtools property defaults active! Set 'spring.devtools.add-properties' to 'false' to disable
2025-10-03T11:58:12.131+03:00  INFO 36633 --- [translator] [restartedMain] .e.DevToolsPropertyDefaultsPostProcessor : For additional web related logging consider setting the 'logging.level.web' property to 'DEBUG'
2025-10-03T11:58:12.477+03:00  INFO 36633 --- [translator] [restartedMain] o.s.b.w.embedded.tomcat.TomcatWebServer  : Tomcat initialized with port 8080 (http)
2025-10-03T11:58:12.484+03:00  INFO 36633 --- [translator] [restartedMain] o.apache.catalina.core.StandardService   : Starting service [Tomcat]
2025-10-03T11:58:12.484+03:00  INFO 36633 --- [translator] [restartedMain] o.apache.catalina.core.StandardEngine    : Starting Servlet engine: [Apache Tomcat/10.1.46]
2025-10-03T11:58:12.497+03:00  INFO 36633 --- [translator] [restartedMain] o.a.c.c.C.[Tomcat].[localhost].[/]       : Initializing Spring embedded WebApplicationContext
2025-10-03T11:58:12.497+03:00  INFO 36633 --- [translator] [restartedMain] w.s.c.ServletWebServerApplicationContext : Root WebApplicationContext: initialization completed in 366 ms
2025-10-03T11:58:12.640+03:00  INFO 36633 --- [translator] [restartedMain] o.s.b.d.a.OptionalLiveReloadServer       : LiveReload server is running on port 35729
2025-10-03T11:58:12.650+03:00  INFO 36633 --- [translator] [restartedMain] o.s.b.w.embedded.tomcat.TomcatWebServer  : Tomcat started on port 8080 (http) with context path '/'
2025-10-03T11:58:12.655+03:00  INFO 36633 --- [translator] [restartedMain] o.e.translator.TranslatorApplication     : Started TranslatorApplication in 0.735 seconds (process running for 0.893)
2025-10-03T11:58:19.859+03:00  INFO 36633 --- [translator] [SpringApplicationShutdownHook] o.s.b.w.e.tomcat.GracefulShutdown        : Commencing graceful shutdown. Waiting for active requests to complete
2025-10-03T11:58:21.872+03:00  INFO 36633 --- [translator] [tomcat-shutdown] o.s.b.w.e.tomcat.GracefulShutdown        : Graceful shutdown complete
